<?xml version="1.0" encoding="UTF-8"?>
<!-- Generated by org.testng.reporters.JUnitReportReporter -->
<testsuite hostname="LAPTOP-NN0EOSGE" name="com.example.demo.PracticeProject.AppTest" tests="1" failures="0" timestamp="5 Nov 2022 12:12:05 GMT" time="2.809" errors="0">
  <testcase name="test" time="2.809" classname="com.example.demo.PracticeProject.AppTest"/>
</testsuite> <!-- com.example.demo.PracticeProject.AppTest -->
