<?xml version="1.0" encoding="UTF-8" ?>
<testsuite tests="1" failures="0" name="TestSuite" time="2.69" errors="0" skipped="0">
  <properties>
    <property name="java.runtime.name" value="Java(TM) SE Runtime Environment"/>
    <property name="sun.boot.library.path" value="E:\Java\jdk1.8.0_231\jre\bin"/>
    <property name="java.vm.version" value="25.231-b11"/>
    <property name="java.vm.vendor" value="Oracle Corporation"/>
    <property name="maven.multiModuleProjectDirectory" value="C:\Users\shive\OneDrive\Desktop\Mohit\Eclipse\PracticeProject"/>
    <property name="java.vendor.url" value="http://java.oracle.com/"/>
    <property name="path.separator" value=";"/>
    <property name="guice.disable.misplaced.annotation.check" value="true"/>
    <property name="java.vm.name" value="Java HotSpot(TM) 64-Bit Server VM"/>
    <property name="file.encoding.pkg" value="sun.io"/>
    <property name="user.script" value=""/>
    <property name="user.country" value="IN"/>
    <property name="sun.java.launcher" value="SUN_STANDARD"/>
    <property name="sun.os.patch.level" value=""/>
    <property name="java.vm.specification.name" value="Java Virtual Machine Specification"/>
    <property name="user.dir" value="C:\Users\shive\OneDrive\Desktop\Mohit\Eclipse\PracticeProject"/>
    <property name="java.runtime.version" value="1.8.0_231-b11"/>
    <property name="java.awt.graphicsenv" value="sun.awt.Win32GraphicsEnvironment"/>
    <property name="java.endorsed.dirs" value="E:\Java\jdk1.8.0_231\jre\lib\endorsed"/>
    <property name="os.arch" value="amd64"/>
    <property name="java.io.tmpdir" value="C:\Users\shive\AppData\Local\Temp\"/>
    <property name="line.separator" value="
"/>
    <property name="java.vm.specification.vendor" value="Oracle Corporation"/>
    <property name="user.variant" value=""/>
    <property name="os.name" value="Windows 10"/>
    <property name="classworlds.conf" value="C:\Users\shive\OneDrive\Desktop\Mohit\Eclipse\.metadata\.plugins\org.eclipse.m2e.launching\launches\m2conf5290125867781109167.tmp"/>
    <property name="sun.jnu.encoding" value="Cp1252"/>
    <property name="java.library.path" value="E:\Java\jdk1.8.0_231\bin;C:\WINDOWS\Sun\Java\bin;C:\WINDOWS\system32;C:\WINDOWS;E:/Java/jdk1.8.0_231/bin/../jre/bin/server;E:/Java/jdk1.8.0_231/bin/../jre/bin;E:/Java/jdk1.8.0_231/bin/../jre/lib/amd64;C:\Users\shive\AppData\Local\Programs\Python\Python38\Scripts\;C:\Users\shive\AppData\Local\Programs\Python\Python38\;E:\Java\jdk1.8.0_231\bin;C:\WINDOWS\system32;C:\WINDOWS;C:\WINDOWS\System32\Wbem;C:\WINDOWS\System32\WindowsPowerShell\v1.0\;C:\WINDOWS\System32\OpenSSH\;C:\ProgramData\chocolatey\bin;E:\TortoiseGit\bin;C:\Program Files\Amazon\AWSCLIV2\;C:\Program Files\Git\cmd;C:\Users\shiv\Downloads\apache-maven-3.6.3-bin\apache-maven-3.6.3\bin;E:\Maven\apache-maven-3.6.3\bin;E:\Maven\apache-maven-3.6.3\bin;E:\nodejs\;C:\Users\shive\scoop\shims;C:\Program Files\MySQL\MySQL Shell 8.0\bin\;E:\IntellJ\IntelliJ IDEA Community Edition 2019.3.4\bin;C:\Users\shive\AppData\Local\Microsoft\WindowsApps;C:\Users\shive\AppData\Local\Microsoft\WindowsApps;C:\Users\shive\AppData\Roaming\npm;E:\Microsoft VS Code\bin;C:\Program Files\JetBrains\PyCharm Community Edition 2019.3.3\bin;E:\eclipse-jee-oxygen-3a-win32-x86_64\eclipse;;."/>
    <property name="java.specification.name" value="Java Platform API Specification"/>
    <property name="java.class.version" value="52.0"/>
    <property name="sun.management.compiler" value="HotSpot 64-Bit Tiered Compilers"/>
    <property name="os.version" value="10.0"/>
    <property name="user.home" value="C:\Users\shive"/>
    <property name="user.timezone" value="Asia/Calcutta"/>
    <property name="java.awt.printerjob" value="sun.awt.windows.WPrinterJob"/>
    <property name="java.specification.version" value="1.8"/>
    <property name="file.encoding" value="Cp1252"/>
    <property name="user.name" value="shive"/>
    <property name="java.class.path" value="E:\eclipse-jee-oxygen-3a-win32-x86_64\eclipse\plugins\org.eclipse.m2e.maven.runtime_1.8.3.20180227-2135\jars\plexus-classworlds-2.5.2.jar"/>
    <property name="java.vm.specification.version" value="1.8"/>
    <property name="sun.arch.data.model" value="64"/>
    <property name="java.home" value="E:\Java\jdk1.8.0_231\jre"/>
    <property name="sun.java.command" value="org.codehaus.plexus.classworlds.launcher.Launcher -B clean test"/>
    <property name="java.specification.vendor" value="Oracle Corporation"/>
    <property name="user.language" value="en"/>
    <property name="awt.toolkit" value="sun.awt.windows.WToolkit"/>
    <property name="java.vm.info" value="mixed mode"/>
    <property name="java.version" value="1.8.0_231"/>
    <property name="java.ext.dirs" value="E:\Java\jdk1.8.0_231\jre\lib\ext;C:\WINDOWS\Sun\Java\lib\ext"/>
    <property name="sun.boot.class.path" value="E:\Java\jdk1.8.0_231\jre\lib\resources.jar;E:\Java\jdk1.8.0_231\jre\lib\rt.jar;E:\Java\jdk1.8.0_231\jre\lib\sunrsasign.jar;E:\Java\jdk1.8.0_231\jre\lib\jsse.jar;E:\Java\jdk1.8.0_231\jre\lib\jce.jar;E:\Java\jdk1.8.0_231\jre\lib\charsets.jar;E:\Java\jdk1.8.0_231\jre\lib\jfr.jar;E:\Java\jdk1.8.0_231\jre\classes"/>
    <property name="java.vendor" value="Oracle Corporation"/>
    <property name="maven.home" value="C:\Users\shive\OneDrive\Desktop\Mohit\Eclipse\PracticeProject\EMBEDDED"/>
    <property name="file.separator" value="\"/>
    <property name="java.vendor.url.bug" value="http://bugreport.sun.com/bugreport/"/>
    <property name="sun.cpu.endian" value="little"/>
    <property name="sun.io.unicode.encoding" value="UnicodeLittle"/>
    <property name="sun.desktop" value="windows"/>
    <property name="sun.cpu.isalist" value="amd64"/>
  </properties>
  <testcase classname="com.example.demo.PracticeProject.AppTest" name="test" time="2.69"/>
</testsuite>